<?xml version="1.0" encoding="UTF-8"?>
<robot generator="Robot 3.2.2 (Python 3.9.1 on win32)" generated="20210204 19:31:27.834" rpa="false">
<suite id="s1" name="Test1" source="E:\BDB\TestLogiciel\Java\Workspace\MyRobotProject4\TestCases\Test1.robot">
<test id="s1-t1" name="loginTest4">
<kw name="Open Browser" library="SeleniumLibrary">
<doc>Opens a new browser instance to the optional ``url``.</doc>
<arguments>
<arg>https://opensource-demo.orangehrmlive.com/</arg>
<arg>gc</arg>
</arguments>
<msg timestamp="20210204 19:31:28.062" level="INFO">Opening browser 'gc' to base url 'https://opensource-demo.orangehrmlive.com/'.</msg>
<status status="PASS" starttime="20210204 19:31:28.062" endtime="20210204 19:31:31.228"></status>
</kw>
<kw name="Maximize Browser Window" library="SeleniumLibrary">
<doc>Maximizes current browser window.</doc>
<status status="PASS" starttime="20210204 19:31:31.231" endtime="20210204 19:31:31.351"></status>
</kw>
<kw name="Input Text" library="SeleniumLibrary">
<doc>Types the given ``text`` into the text field identified by ``locator``.</doc>
<arguments>
<arg>xpath=//input[@id="txtUsername"]</arg>
<arg>Admin</arg>
</arguments>
<msg timestamp="20210204 19:31:31.352" level="INFO">Typing text 'Admin' into text field 'xpath=//input[@id="txtUsername"]'.</msg>
<status status="PASS" starttime="20210204 19:31:31.352" endtime="20210204 19:31:31.433"></status>
</kw>
<kw name="Input Text" library="SeleniumLibrary">
<doc>Types the given ``text`` into the text field identified by ``locator``.</doc>
<arguments>
<arg>xpath=//input[@id="txtPassword"]</arg>
<arg>admin123</arg>
</arguments>
<msg timestamp="20210204 19:31:31.433" level="INFO">Typing text 'admin123' into text field 'xpath=//input[@id="txtPassword"]'.</msg>
<status status="PASS" starttime="20210204 19:31:31.433" endtime="20210204 19:31:31.514"></status>
</kw>
<kw name="Set Selenium Implicit Wait" library="SeleniumLibrary">
<doc>Sets the implicit wait value used by Selenium.</doc>
<arguments>
<arg>20s</arg>
</arguments>
<status status="PASS" starttime="20210204 19:31:31.514" endtime="20210204 19:31:31.516"></status>
</kw>
<kw name="Click Button" library="SeleniumLibrary">
<doc>Clicks the button identified by ``locator``.</doc>
<arguments>
<arg>//input[@id="btnLogin1"]</arg>
</arguments>
<msg timestamp="20210204 19:31:31.516" level="INFO">Clicking button '//input[@id="btnLogin1"]'.</msg>
<kw name="Capture Page Screenshot" library="SeleniumLibrary">
<doc>Takes a screenshot of the current page and embeds it into a log file.</doc>
<msg timestamp="20210204 19:32:11.928" level="INFO" html="yes">&lt;/td&gt;&lt;/tr&gt;&lt;tr&gt;&lt;td colspan="3"&gt;&lt;a href="selenium-screenshot-3.png"&gt;&lt;img src="selenium-screenshot-3.png" width="800px"&gt;&lt;/a&gt;</msg>
<status status="PASS" starttime="20210204 19:32:11.574" endtime="20210204 19:32:11.928"></status>
</kw>
<msg timestamp="20210204 19:32:11.933" level="FAIL">Button with locator '//input[@id="btnLogin1"]' not found.</msg>
<status status="FAIL" starttime="20210204 19:31:31.516" endtime="20210204 19:32:11.933"></status>
</kw>
<status status="FAIL" starttime="20210204 19:31:28.061" endtime="20210204 19:32:38.730" critical="yes">Button with locator '//input[@id="btnLogin1"]' not found.</status>
</test>
<status status="FAIL" starttime="20210204 19:31:27.836" endtime="20210204 19:32:38.736"></status>
</suite>
<statistics>
<total>
<stat pass="0" fail="1">Critical Tests</stat>
<stat pass="0" fail="1">All Tests</stat>
</total>
<tag>
</tag>
<suite>
<stat pass="0" fail="1" id="s1" name="Test1">Test1</stat>
</suite>
</statistics>
<errors>
</errors>
</robot>
